2016-08-22 11:32:08,277	[WARNING]	creator login: (401)
Reason: UNAUTHORIZED
HTTP response headers: HTTPHeaderDict({'Server': 'Werkzeug/0.11.10 Python/3.5.1', 'Content-Type': 'text/html', 'Date': 'Mon, 22 Aug 2016 02:32:08 GMT', 'Content-Length': '339'})
HTTP response body: <!DOCTYPE HTML PUBLIC "-//W3C//DTD HTML 3.2 Final//EN">
<title>401 Unauthorized</title>
<h1>Unauthorized</h1>
<p>The server could not verify that you are authorized to access the URL requested.  You either supplied the wrong credentials (e.g. a bad password), or your browser doesn't understand how to supply the credentials required.</p>


2016-08-22 11:34:08,181	[WARNING]	creator login: (401)
Reason: UNAUTHORIZED
HTTP response headers: HTTPHeaderDict({'Server': 'Werkzeug/0.11.10 Python/3.5.1', 'Content-Type': 'text/html', 'Date': 'Mon, 22 Aug 2016 02:34:08 GMT', 'Content-Length': '339'})
HTTP response body: <!DOCTYPE HTML PUBLIC "-//W3C//DTD HTML 3.2 Final//EN">
<title>401 Unauthorized</title>
<h1>Unauthorized</h1>
<p>The server could not verify that you are authorized to access the URL requested.  You either supplied the wrong credentials (e.g. a bad password), or your browser doesn't understand how to supply the credentials required.</p>


2016-08-22 11:36:56,160	[INFO]	success login!
2016-08-22 11:37:16,374	[INFO]	success login!
2016-08-22 11:37:31,192	[INFO]	success login!
2016-08-22 11:37:48,359	[INFO]	success login!
2016-08-22 11:39:46,372	[INFO]	success login!
2016-08-22 11:40:03,400	[INFO]	success login!
2016-08-22 11:41:05,100	[INFO]	success login!
2016-08-22 11:41:35,322	[INFO]	success login!
2016-08-22 11:46:49,471	[WARNING]	(400)
Reason: BAD REQUEST
HTTP response headers: HTTPHeaderDict({'Server': 'Werkzeug/0.11.10 Python/3.5.1', 'Content-Type': 'text/html; charset=utf-8', 'Date': 'Mon, 22 Aug 2016 02:46:49 GMT', 'Content-Length': '126'})
HTTP response body: {"code": "xxx", "message": "\u65e2\u306b\u767b\u9332\u6e08\u307f\u306e\u30e1\u30fc\u30eb\u30a2\u30c9\u30ec\u30b9\u3067\u3059"}

2016-08-22 11:46:49,808	[INFO]	success login!
2016-08-22 11:48:08,922	[WARNING]	(400)
Reason: BAD REQUEST
HTTP response headers: HTTPHeaderDict({'Server': 'Werkzeug/0.11.10 Python/3.5.1', 'Content-Type': 'text/html; charset=utf-8', 'Date': 'Mon, 22 Aug 2016 02:48:08 GMT', 'Content-Length': '126'})
HTTP response body: {"code": "xxx", "message": "\u65e2\u306b\u767b\u9332\u6e08\u307f\u306e\u30e1\u30fc\u30eb\u30a2\u30c9\u30ec\u30b9\u3067\u3059"}

2016-08-22 11:48:09,255	[INFO]	success login!
2016-08-22 11:49:26,073	[INFO]	success login!
2016-08-22 12:08:29,287	[INFO]	success login!
2016-08-22 12:22:34,789	[INFO]	success login!
2016-08-22 13:35:21,666	[INFO]	success login!
2016-08-22 13:35:34,038	[INFO]	success login!
2016-08-22 13:36:08,400	[INFO]	success login!
2016-08-22 13:36:19,374	[INFO]	success login!
2016-08-22 13:43:12,165	[INFO]	success login!
2016-08-22 13:53:06,447	[INFO]	success login!
2016-08-22 13:53:18,463	[INFO]	success login!
2016-08-22 13:53:53,169	[INFO]	success login!
2016-08-22 13:54:03,750	[INFO]	success login!
2016-08-22 14:20:50,499	[INFO]	success login!
2016-08-22 14:21:02,182	[INFO]	success login!
2016-08-22 14:21:46,851	[INFO]	success login!
2016-08-22 14:21:53,967	[INFO]	success login!
2016-08-22 14:22:22,140	[INFO]	success login!
2016-08-22 14:22:27,875	[INFO]	success login!
2016-08-22 14:41:12,285	[INFO]	success login!
2016-08-22 14:41:26,836	[INFO]	success login!
2016-08-22 14:43:53,434	[INFO]	success login!
2016-08-22 14:43:59,935	[INFO]	success login!
2016-08-22 14:44:28,433	[INFO]	success login!
2016-08-22 14:44:34,084	[INFO]	success login!
2016-08-22 14:50:43,390	[INFO]	success login!
2016-08-22 14:50:52,439	[INFO]	success login!
2016-08-22 14:53:55,074	[INFO]	success login!
2016-08-22 14:54:01,206	[INFO]	success login!
2016-08-22 14:54:25,403	[INFO]	success login!
2016-08-22 14:54:30,956	[INFO]	success login!
2016-08-22 15:23:18,755	[INFO]	success login!
2016-08-22 15:23:19,600	[WARNING]	creator login: (401)
Reason: UNAUTHORIZED
HTTP response headers: HTTPHeaderDict({'Server': 'Werkzeug/0.11.10 Python/3.5.1', 'Content-Type': 'text/html', 'Date': 'Mon, 22 Aug 2016 06:23:19 GMT', 'Content-Length': '339'})
HTTP response body: <!DOCTYPE HTML PUBLIC "-//W3C//DTD HTML 3.2 Final//EN">
<title>401 Unauthorized</title>
<h1>Unauthorized</h1>
<p>The server could not verify that you are authorized to access the URL requested.  You either supplied the wrong credentials (e.g. a bad password), or your browser doesn't understand how to supply the credentials required.</p>


2016-08-22 15:25:15,330	[INFO]	success login!
2016-08-22 15:26:18,214	[INFO]	success login!
2016-08-22 15:26:18,895	[WARNING]	creator login: (401)
Reason: UNAUTHORIZED
HTTP response headers: HTTPHeaderDict({'Server': 'Werkzeug/0.11.10 Python/3.5.1', 'Content-Type': 'text/html', 'Date': 'Mon, 22 Aug 2016 06:26:18 GMT', 'Content-Length': '339'})
HTTP response body: <!DOCTYPE HTML PUBLIC "-//W3C//DTD HTML 3.2 Final//EN">
<title>401 Unauthorized</title>
<h1>Unauthorized</h1>
<p>The server could not verify that you are authorized to access the URL requested.  You either supplied the wrong credentials (e.g. a bad password), or your browser doesn't understand how to supply the credentials required.</p>


2016-08-22 15:35:28,746	[INFO]	success login!
2016-08-22 15:35:29,581	[WARNING]	creator login: (401)
Reason: UNAUTHORIZED
HTTP response headers: HTTPHeaderDict({'Server': 'Werkzeug/0.11.10 Python/3.5.1', 'Content-Type': 'text/html', 'Date': 'Mon, 22 Aug 2016 06:35:29 GMT', 'Content-Length': '339'})
HTTP response body: <!DOCTYPE HTML PUBLIC "-//W3C//DTD HTML 3.2 Final//EN">
<title>401 Unauthorized</title>
<h1>Unauthorized</h1>
<p>The server could not verify that you are authorized to access the URL requested.  You either supplied the wrong credentials (e.g. a bad password), or your browser doesn't understand how to supply the credentials required.</p>


2016-08-22 15:35:32,274	[INFO]	success login!
2016-08-22 15:35:59,830	[INFO]	success login!
2016-08-22 15:41:00,528	[INFO]	success login!
2016-08-22 15:41:01,262	[WARNING]	creator login: (401)
Reason: UNAUTHORIZED
HTTP response headers: HTTPHeaderDict({'Server': 'Werkzeug/0.11.10 Python/3.5.1', 'Content-Type': 'text/html', 'Date': 'Mon, 22 Aug 2016 06:41:01 GMT', 'Content-Length': '339'})
HTTP response body: <!DOCTYPE HTML PUBLIC "-//W3C//DTD HTML 3.2 Final//EN">
<title>401 Unauthorized</title>
<h1>Unauthorized</h1>
<p>The server could not verify that you are authorized to access the URL requested.  You either supplied the wrong credentials (e.g. a bad password), or your browser doesn't understand how to supply the credentials required.</p>


2016-08-22 15:41:03,781	[INFO]	success login!
2016-08-22 15:41:31,972	[INFO]	success login!
2016-08-22 15:51:13,676	[INFO]	success login!
2016-08-22 15:56:27,880	[INFO]	success login!
2016-08-22 15:57:15,910	[INFO]	success login!
2016-08-22 16:00:12,919	[INFO]	success login!
2016-08-22 16:03:26,970	[INFO]	success login!
2016-08-22 16:03:27,643	[WARNING]	creator login: (401)
Reason: UNAUTHORIZED
HTTP response headers: HTTPHeaderDict({'Server': 'Werkzeug/0.11.10 Python/3.5.1', 'Content-Type': 'text/html', 'Date': 'Mon, 22 Aug 2016 07:03:27 GMT', 'Content-Length': '339'})
HTTP response body: <!DOCTYPE HTML PUBLIC "-//W3C//DTD HTML 3.2 Final//EN">
<title>401 Unauthorized</title>
<h1>Unauthorized</h1>
<p>The server could not verify that you are authorized to access the URL requested.  You either supplied the wrong credentials (e.g. a bad password), or your browser doesn't understand how to supply the credentials required.</p>


2016-08-22 16:04:09,345	[INFO]	success login!
2016-08-22 16:04:55,720	[INFO]	success login!
2016-08-22 16:06:09,870	[INFO]	success login!
2016-08-22 16:06:43,960	[INFO]	success login!
2016-08-22 16:08:11,399	[INFO]	success login!
2016-08-22 16:11:22,941	[INFO]	success login!
2016-08-22 16:12:49,251	[INFO]	success login!
2016-08-22 16:13:58,844	[INFO]	success login!
2016-08-22 16:15:30,639	[INFO]	success login!
2016-08-22 16:16:52,874	[INFO]	success login!
2016-08-22 16:17:50,696	[INFO]	success login!
2016-08-22 16:40:05,100	[INFO]	success login!
2016-08-22 16:47:29,421	[INFO]	success login!
2016-08-22 16:49:08,249	[INFO]	success login!
2016-08-22 16:58:16,247	[INFO]	success login!
2016-08-22 16:59:16,643	[INFO]	success login!
2016-08-22 17:00:10,240	[INFO]	success login!
2016-08-22 17:01:03,310	[INFO]	success login!
2016-08-22 17:01:33,122	[INFO]	success login!
2016-08-22 17:01:56,938	[INFO]	success login!
2016-08-22 17:02:38,786	[INFO]	success login!
2016-08-22 17:03:49,564	[INFO]	success login!
2016-08-22 17:16:38,619	[INFO]	success login!
2016-08-22 17:16:39,760	[WARNING]	creator login: (401)
Reason: UNAUTHORIZED
HTTP response headers: HTTPHeaderDict({'Server': 'Werkzeug/0.11.10 Python/3.5.1', 'Content-Type': 'text/html', 'Date': 'Mon, 22 Aug 2016 08:16:39 GMT', 'Content-Length': '339'})
HTTP response body: <!DOCTYPE HTML PUBLIC "-//W3C//DTD HTML 3.2 Final//EN">
<title>401 Unauthorized</title>
<h1>Unauthorized</h1>
<p>The server could not verify that you are authorized to access the URL requested.  You either supplied the wrong credentials (e.g. a bad password), or your browser doesn't understand how to supply the credentials required.</p>


2016-08-22 17:16:42,317	[INFO]	success login!
2016-08-22 17:17:11,725	[INFO]	success login!
2016-08-22 17:19:00,350	[INFO]	success login!
2016-08-22 17:19:52,276	[INFO]	success login!
2016-08-22 17:20:08,104	[INFO]	success login!
2016-08-22 17:20:40,688	[INFO]	success login!
2016-08-22 17:22:40,469	[INFO]	success login!
2016-08-22 17:22:41,559	[WARNING]	creator login: (401)
Reason: UNAUTHORIZED
HTTP response headers: HTTPHeaderDict({'Server': 'Werkzeug/0.11.10 Python/3.5.1', 'Content-Type': 'text/html', 'Date': 'Mon, 22 Aug 2016 08:22:41 GMT', 'Content-Length': '339'})
HTTP response body: <!DOCTYPE HTML PUBLIC "-//W3C//DTD HTML 3.2 Final//EN">
<title>401 Unauthorized</title>
<h1>Unauthorized</h1>
<p>The server could not verify that you are authorized to access the URL requested.  You either supplied the wrong credentials (e.g. a bad password), or your browser doesn't understand how to supply the credentials required.</p>


2016-08-22 17:22:43,883	[INFO]	success login!
2016-08-22 17:23:14,407	[INFO]	success login!
2016-08-22 17:24:17,194	[INFO]	success login!
2016-08-22 17:24:32,445	[INFO]	success login!
2016-08-22 17:24:47,608	[INFO]	success login!
2016-08-22 17:25:23,706	[INFO]	success login!
2016-08-22 17:25:53,352	[INFO]	success login!
2016-08-22 17:27:23,662	[INFO]	success login!
2016-08-22 17:41:34,221	[INFO]	success login!
2016-08-22 17:42:19,330	[INFO]	success login!
2016-08-22 17:42:42,970	[INFO]	success login!
2016-08-22 17:43:07,188	[INFO]	success login!
2016-08-22 17:43:26,544	[INFO]	success login!
2016-08-22 17:43:40,846	[INFO]	success login!
2016-08-22 17:44:02,467	[INFO]	success login!
2016-08-22 17:44:14,162	[INFO]	success login!
2016-08-22 17:44:33,956	[INFO]	success login!
2016-08-22 17:46:46,824	[INFO]	success login!
